TN:
SF:/Users/kseniatrofimova/Desktop/FSD/sliderPlugin/src/index.ts
FN:4,(anonymous_0)
FN:5,(anonymous_1)
FNF:2
FNH:1
FNDA:1,(anonymous_0)
FNDA:0,(anonymous_1)
DA:1,1
DA:2,1
DA:4,1
DA:5,1
DA:6,0
DA:7,0
DA:8,0
LF:7
LH:4
BRF:0
BRH:0
end_of_record
TN:
SF:/Users/kseniatrofimova/Desktop/FSD/sliderPlugin/src/ControlPanel/ControlPanel.ts
FN:15,(anonymous_0)
FN:33,(anonymous_1)
FN:44,(anonymous_2)
FN:45,(anonymous_3)
FN:48,(anonymous_4)
FN:52,(anonymous_5)
FN:55,(anonymous_6)
FN:58,(anonymous_7)
FN:63,(anonymous_8)
FN:65,(anonymous_9)
FN:88,(anonymous_10)
FN:89,(anonymous_11)
FN:93,(anonymous_12)
FN:94,(anonymous_13)
FN:97,(anonymous_14)
FN:102,(anonymous_15)
FN:107,(anonymous_16)
FN:117,(anonymous_17)
FN:122,(anonymous_18)
FN:123,(anonymous_19)
FN:124,(anonymous_20)
FN:128,(anonymous_21)
FN:143,(anonymous_22)
FN:147,(anonymous_23)
FN:166,(anonymous_24)
FN:170,(anonymous_25)
FN:179,(anonymous_26)
FN:183,(anonymous_27)
FN:192,(anonymous_28)
FN:199,(anonymous_29)
FN:203,(anonymous_30)
FN:212,(anonymous_31)
FN:219,(anonymous_32)
FN:223,(anonymous_33)
FN:232,(anonymous_34)
FN:238,(anonymous_35)
FNF:36
FNH:0
FNDA:0,(anonymous_0)
FNDA:0,(anonymous_1)
FNDA:0,(anonymous_2)
FNDA:0,(anonymous_3)
FNDA:0,(anonymous_4)
FNDA:0,(anonymous_5)
FNDA:0,(anonymous_6)
FNDA:0,(anonymous_7)
FNDA:0,(anonymous_8)
FNDA:0,(anonymous_9)
FNDA:0,(anonymous_10)
FNDA:0,(anonymous_11)
FNDA:0,(anonymous_12)
FNDA:0,(anonymous_13)
FNDA:0,(anonymous_14)
FNDA:0,(anonymous_15)
FNDA:0,(anonymous_16)
FNDA:0,(anonymous_17)
FNDA:0,(anonymous_18)
FNDA:0,(anonymous_19)
FNDA:0,(anonymous_20)
FNDA:0,(anonymous_21)
FNDA:0,(anonymous_22)
FNDA:0,(anonymous_23)
FNDA:0,(anonymous_24)
FNDA:0,(anonymous_25)
FNDA:0,(anonymous_26)
FNDA:0,(anonymous_27)
FNDA:0,(anonymous_28)
FNDA:0,(anonymous_29)
FNDA:0,(anonymous_30)
FNDA:0,(anonymous_31)
FNDA:0,(anonymous_32)
FNDA:0,(anonymous_33)
FNDA:0,(anonymous_34)
FNDA:0,(anonymous_35)
DA:16,0
DA:17,0
DA:18,0
DA:19,0
DA:20,0
DA:21,0
DA:22,0
DA:23,0
DA:24,0
DA:25,0
DA:27,0
DA:28,0
DA:29,0
DA:30,0
DA:34,0
DA:35,0
DA:36,0
DA:37,0
DA:38,0
DA:39,0
DA:40,0
DA:41,0
DA:45,0
DA:46,0
DA:48,0
DA:49,0
DA:51,0
DA:52,0
DA:53,0
DA:55,0
DA:56,0
DA:58,0
DA:59,0
DA:64,0
DA:65,0
DA:67,0
DA:68,0
DA:69,0
DA:71,0
DA:72,0
DA:76,0
DA:77,0
DA:79,0
DA:81,0
DA:82,0
DA:84,0
DA:89,0
DA:90,0
DA:94,0
DA:95,0
DA:98,0
DA:99,0
DA:103,0
DA:104,0
DA:108,0
DA:109,0
DA:110,0
DA:112,0
DA:114,0
DA:118,0
DA:119,0
DA:123,0
DA:124,0
DA:129,0
DA:130,0
DA:131,0
DA:132,0
DA:133,0
DA:134,0
DA:135,0
DA:136,0
DA:137,0
DA:138,0
DA:139,0
DA:140,0
DA:144,0
DA:148,0
DA:149,0
DA:150,0
DA:151,0
DA:152,0
DA:153,0
DA:154,0
DA:155,0
DA:156,0
DA:157,0
DA:158,0
DA:159,0
DA:160,0
DA:161,0
DA:162,0
DA:163,0
DA:167,0
DA:171,0
DA:172,0
DA:173,0
DA:174,0
DA:175,0
DA:176,0
DA:180,0
DA:184,0
DA:185,0
DA:186,0
DA:187,0
DA:188,0
DA:189,0
DA:190,0
DA:191,0
DA:192,0
DA:193,0
DA:194,0
DA:195,0
DA:200,0
DA:204,0
DA:205,0
DA:206,0
DA:207,0
DA:208,0
DA:209,0
DA:210,0
DA:211,0
DA:212,0
DA:213,0
DA:214,0
DA:215,0
DA:220,0
DA:224,0
DA:225,0
DA:226,0
DA:227,0
DA:228,0
DA:229,0
DA:230,0
DA:231,0
DA:232,0
DA:233,0
DA:234,0
DA:235,0
DA:239,0
DA:243,1
LF:140
LH:1
BRDA:68,0,0,0
BRDA:68,0,1,0
BRDA:73,1,0,0
BRDA:73,1,1,0
BRDA:76,2,0,0
BRDA:76,2,1,0
BRDA:81,3,0,0
BRDA:81,3,1,0
BRDA:103,4,0,0
BRDA:103,4,1,0
BRDA:108,5,0,0
BRDA:108,5,1,0
BRDA:109,6,0,0
BRDA:109,6,1,0
BRDA:118,7,0,0
BRDA:118,7,1,0
BRDA:156,8,0,0
BRDA:156,8,1,0
BRDA:158,9,0,0
BRDA:158,9,1,0
BRF:20
BRH:0
end_of_record
TN:
SF:/Users/kseniatrofimova/Desktop/FSD/sliderPlugin/src/model/MainModel.ts
FN:13,(anonymous_0)
FN:24,(anonymous_1)
FN:28,(anonymous_2)
FN:38,(anonymous_3)
FN:46,(anonymous_4)
FN:56,(anonymous_5)
FN:64,(anonymous_6)
FN:68,(anonymous_7)
FN:76,(anonymous_8)
FN:80,(anonymous_9)
FN:84,(anonymous_10)
FN:88,(anonymous_11)
FN:95,(anonymous_12)
FN:99,(anonymous_13)
FN:107,(anonymous_14)
FN:111,(anonymous_15)
FN:119,(anonymous_16)
FN:123,(anonymous_17)
FN:133,(anonymous_18)
FN:134,(anonymous_19)
FN:136,(anonymous_20)
FNF:21
FNH:12
FNDA:1,(anonymous_0)
FNDA:4,(anonymous_1)
FNDA:4,(anonymous_2)
FNDA:2,(anonymous_3)
FNDA:4,(anonymous_4)
FNDA:2,(anonymous_5)
FNDA:1,(anonymous_6)
FNDA:0,(anonymous_7)
FNDA:0,(anonymous_8)
FNDA:0,(anonymous_9)
FNDA:4,(anonymous_10)
FNDA:0,(anonymous_11)
FNDA:0,(anonymous_12)
FNDA:0,(anonymous_13)
FNDA:0,(anonymous_14)
FNDA:0,(anonymous_15)
FNDA:1,(anonymous_16)
FNDA:0,(anonymous_17)
FNDA:4,(anonymous_18)
FNDA:8,(anonymous_19)
FNDA:8,(anonymous_20)
DA:1,1
DA:6,1
DA:7,1
DA:8,1
DA:9,1
DA:10,1
DA:11,1
DA:12,1
DA:14,1
DA:15,1
DA:16,1
DA:17,1
DA:18,1
DA:19,1
DA:20,1
DA:21,1
DA:25,4
DA:29,4
DA:30,0
DA:32,4
DA:35,4
DA:39,2
DA:40,2
DA:47,4
DA:48,0
DA:50,4
DA:53,4
DA:57,2
DA:58,2
DA:65,1
DA:69,0
DA:70,0
DA:77,0
DA:81,0
DA:85,4
DA:89,0
DA:90,0
DA:96,0
DA:100,0
DA:101,0
DA:108,0
DA:112,0
DA:113,0
DA:120,1
DA:124,0
DA:125,0
DA:134,8
DA:135,4
DA:136,4
DA:137,8
DA:140,4
DA:144,1
LF:52
LH:36
BRDA:15,0,0,0
BRDA:15,0,1,1
BRDA:16,1,0,0
BRDA:16,1,1,1
BRDA:17,2,0,1
BRDA:17,2,1,0
BRDA:18,3,0,0
BRDA:18,3,1,1
BRDA:19,4,0,0
BRDA:19,4,1,1
BRDA:20,5,0,0
BRDA:20,5,1,1
BRDA:21,6,0,1
BRDA:21,6,1,0
BRDA:29,7,0,0
BRDA:29,7,1,4
BRDA:47,8,0,0
BRDA:47,8,1,4
BRDA:135,9,0,0
BRDA:135,9,1,4
BRDA:137,10,0,8
BRDA:137,10,1,0
BRDA:137,11,0,0
BRDA:137,11,1,0
BRF:24
BRH:11
end_of_record
TN:
SF:/Users/kseniatrofimova/Desktop/FSD/sliderPlugin/src/observer/observer.ts
FN:3,(anonymous_0)
FN:6,(anonymous_1)
FN:9,(anonymous_2)
FN:10,(anonymous_3)
FN:12,(anonymous_4)
FN:13,(anonymous_5)
FNF:6
FNH:2
FNDA:1,(anonymous_0)
FNDA:0,(anonymous_1)
FNDA:0,(anonymous_2)
FNDA:0,(anonymous_3)
FNDA:4,(anonymous_4)
FNDA:0,(anonymous_5)
DA:4,1
DA:7,0
DA:10,0
DA:13,4
DA:17,1
LF:5
LH:3
BRF:0
BRH:0
end_of_record
TN:
SF:/Users/kseniatrofimova/Desktop/FSD/sliderPlugin/src/presenter/Facade.ts
FN:11,(anonymous_0)
FN:18,(anonymous_1)
FN:19,(anonymous_2)
FN:24,(anonymous_3)
FN:28,(anonymous_4)
FN:32,(anonymous_5)
FN:36,(anonymous_6)
FN:40,(anonymous_7)
FN:44,(anonymous_8)
FN:48,(anonymous_9)
FN:52,(anonymous_10)
FN:56,(anonymous_11)
FN:60,(anonymous_12)
FN:64,(anonymous_13)
FN:68,(anonymous_14)
FN:72,(anonymous_15)
FN:75,(anonymous_16)
FN:79,(anonymous_17)
FNF:18
FNH:0
FNDA:0,(anonymous_0)
FNDA:0,(anonymous_1)
FNDA:0,(anonymous_2)
FNDA:0,(anonymous_3)
FNDA:0,(anonymous_4)
FNDA:0,(anonymous_5)
FNDA:0,(anonymous_6)
FNDA:0,(anonymous_7)
FNDA:0,(anonymous_8)
FNDA:0,(anonymous_9)
FNDA:0,(anonymous_10)
FNDA:0,(anonymous_11)
FNDA:0,(anonymous_12)
FNDA:0,(anonymous_13)
FNDA:0,(anonymous_14)
FNDA:0,(anonymous_15)
FNDA:0,(anonymous_16)
FNDA:0,(anonymous_17)
DA:1,1
DA:2,1
DA:4,1
DA:12,0
DA:13,0
DA:14,0
DA:15,0
DA:19,0
DA:20,0
DA:25,0
DA:29,0
DA:33,0
DA:37,0
DA:41,0
DA:45,0
DA:49,0
DA:53,0
DA:57,0
DA:61,0
DA:65,0
DA:69,0
DA:73,0
DA:76,0
DA:80,0
DA:84,1
LF:25
LH:4
BRDA:20,0,0,0
BRDA:20,0,1,0
BRF:2
BRH:0
end_of_record
TN:
SF:/Users/kseniatrofimova/Desktop/FSD/sliderPlugin/src/presenter/Presenter.ts
FN:11,(anonymous_0)
FN:28,(anonymous_1)
FN:29,(anonymous_2)
FN:40,(anonymous_3)
FN:41,(anonymous_4)
FN:46,(anonymous_5)
FNF:6
FNH:0
FNDA:0,(anonymous_0)
FNDA:0,(anonymous_1)
FNDA:0,(anonymous_2)
FNDA:0,(anonymous_3)
FNDA:0,(anonymous_4)
FNDA:0,(anonymous_5)
DA:2,1
DA:12,0
DA:13,0
DA:14,0
DA:15,0
DA:24,0
DA:25,0
DA:29,0
DA:30,0
DA:31,0
DA:32,0
DA:33,0
DA:34,0
DA:35,0
DA:36,0
DA:41,0
DA:42,0
DA:47,0
DA:51,1
LF:19
LH:2
BRDA:30,0,0,0
BRDA:30,0,1,0
BRDA:31,1,0,0
BRDA:31,1,1,0
BRDA:32,2,0,0
BRDA:32,2,1,0
BRDA:33,3,0,0
BRDA:33,3,1,0
BRDA:34,4,0,0
BRDA:34,4,1,0
BRDA:35,5,0,0
BRDA:35,5,1,0
BRDA:36,6,0,0
BRDA:36,6,1,0
BRF:14
BRH:0
end_of_record
TN:
SF:/Users/kseniatrofimova/Desktop/FSD/sliderPlugin/src/view/HandlerView.ts
FN:9,(anonymous_0)
FN:16,(anonymous_1)
FN:22,(anonymous_2)
FN:29,(anonymous_3)
FN:38,(anonymous_4)
FN:50,(anonymous_5)
FN:53,(anonymous_6)
FN:56,(anonymous_7)
FN:60,(anonymous_8)
FNF:9
FNH:0
FNDA:0,(anonymous_0)
FNDA:0,(anonymous_1)
FNDA:0,(anonymous_2)
FNDA:0,(anonymous_3)
FNDA:0,(anonymous_4)
FNDA:0,(anonymous_5)
FNDA:0,(anonymous_6)
FNDA:0,(anonymous_7)
FNDA:0,(anonymous_8)
DA:1,1
DA:10,0
DA:11,0
DA:12,0
DA:13,0
DA:14,0
DA:17,0
DA:18,0
DA:19,0
DA:23,0
DA:26,0
DA:30,0
DA:31,0
DA:32,0
DA:33,0
DA:34,0
DA:35,0
DA:39,0
DA:40,0
DA:41,0
DA:42,0
DA:43,0
DA:44,0
DA:45,0
DA:46,0
DA:51,0
DA:54,0
DA:57,0
DA:61,0
DA:62,0
DA:63,0
DA:64,0
DA:66,0
DA:71,1
LF:34
LH:2
BRDA:13,0,0,0
BRDA:13,0,1,0
BRDA:19,1,0,0
BRDA:19,1,1,0
BRDA:24,2,0,0
BRDA:24,2,1,0
BRDA:31,3,0,0
BRDA:31,3,1,0
BRDA:39,4,0,0
BRDA:39,4,1,0
BRDA:42,5,0,0
BRDA:42,5,1,0
BRDA:54,6,0,0
BRDA:54,6,1,0
BRDA:54,7,0,0
BRDA:54,7,1,0
BRDA:57,8,0,0
BRDA:57,8,1,0
BRDA:61,9,0,0
BRDA:61,9,1,0
BRDA:62,10,0,0
BRDA:62,10,1,0
BRDA:66,11,0,0
BRDA:66,11,1,0
BRDA:66,12,0,0
BRDA:66,12,1,0
BRF:26
BRH:0
end_of_record
TN:
SF:/Users/kseniatrofimova/Desktop/FSD/sliderPlugin/src/view/LabelView.ts
FN:4,(anonymous_0)
FN:9,(anonymous_1)
FN:13,(anonymous_2)
FN:17,(anonymous_3)
FN:25,(anonymous_4)
FNF:5
FNH:0
FNDA:0,(anonymous_0)
FNDA:0,(anonymous_1)
FNDA:0,(anonymous_2)
FNDA:0,(anonymous_3)
FNDA:0,(anonymous_4)
DA:5,0
DA:6,0
DA:10,0
DA:14,0
DA:18,0
DA:22,0
DA:26,0
DA:27,0
DA:31,1
LF:9
LH:1
BRDA:19,0,0,0
BRDA:19,0,1,0
BRDA:26,1,0,0
BRDA:26,1,1,0
BRF:4
BRH:0
end_of_record
TN:
SF:/Users/kseniatrofimova/Desktop/FSD/sliderPlugin/src/view/MainView.ts
FN:22,(anonymous_0)
FN:55,(anonymous_1)
FN:56,(anonymous_2)
FN:63,(anonymous_3)
FN:71,(anonymous_4)
FN:81,(anonymous_5)
FN:93,(anonymous_6)
FN:103,(anonymous_7)
FN:112,(anonymous_8)
FN:116,(anonymous_9)
FN:117,(anonymous_10)
FN:121,(anonymous_11)
FN:132,(anonymous_12)
FN:140,(anonymous_13)
FN:150,(anonymous_14)
FN:158,(anonymous_15)
FN:176,(anonymous_16)
FNF:17
FNH:0
FNDA:0,(anonymous_0)
FNDA:0,(anonymous_1)
FNDA:0,(anonymous_2)
FNDA:0,(anonymous_3)
FNDA:0,(anonymous_4)
FNDA:0,(anonymous_5)
FNDA:0,(anonymous_6)
FNDA:0,(anonymous_7)
FNDA:0,(anonymous_8)
FNDA:0,(anonymous_9)
FNDA:0,(anonymous_10)
FNDA:0,(anonymous_11)
FNDA:0,(anonymous_12)
FNDA:0,(anonymous_13)
FNDA:0,(anonymous_14)
FNDA:0,(anonymous_15)
FNDA:0,(anonymous_16)
DA:1,1
DA:2,1
DA:3,1
DA:31,0
DA:32,0
DA:33,0
DA:34,0
DA:35,0
DA:36,0
DA:37,0
DA:38,0
DA:39,0
DA:40,0
DA:42,0
DA:43,0
DA:44,0
DA:46,0
DA:47,0
DA:55,0
DA:56,0
DA:57,0
DA:59,0
DA:64,0
DA:65,0
DA:66,0
DA:67,0
DA:68,0
DA:72,0
DA:73,0
DA:74,0
DA:75,0
DA:76,0
DA:77,0
DA:79,0
DA:80,0
DA:81,0
DA:82,0
DA:84,0
DA:85,0
DA:94,0
DA:95,0
DA:96,0
DA:98,0
DA:99,0
DA:104,0
DA:105,0
DA:106,0
DA:107,0
DA:108,0
DA:113,0
DA:117,0
DA:118,0
DA:122,0
DA:123,0
DA:124,0
DA:126,0
DA:127,0
DA:128,0
DA:133,0
DA:134,0
DA:135,0
DA:137,0
DA:141,0
DA:142,0
DA:143,0
DA:144,0
DA:145,0
DA:146,0
DA:147,0
DA:151,0
DA:152,0
DA:154,0
DA:159,0
DA:160,0
DA:165,0
DA:166,0
DA:170,0
DA:177,0
DA:178,0
DA:182,1
LF:80
LH:4
BRDA:72,0,0,0
BRDA:72,0,1,0
BRDA:73,1,0,0
BRDA:73,1,1,0
BRDA:74,2,0,0
BRDA:74,2,1,0
BRDA:75,3,0,0
BRDA:75,3,1,0
BRDA:76,4,0,0
BRDA:76,4,1,0
BRDA:77,5,0,0
BRDA:77,5,1,0
BRDA:94,6,0,0
BRDA:94,6,1,0
BRDA:105,7,0,0
BRDA:105,7,1,0
BRDA:122,8,0,0
BRDA:122,8,1,0
BRDA:124,9,0,0
BRDA:124,9,1,0
BRDA:124,10,0,0
BRDA:124,10,1,0
BRDA:127,11,0,0
BRDA:127,11,1,0
BRDA:127,12,0,0
BRDA:127,12,1,0
BRDA:134,13,0,0
BRDA:134,13,1,0
BRDA:151,14,0,0
BRDA:151,14,1,0
BRDA:161,15,0,0
BRDA:161,15,1,0
BRDA:165,16,0,0
BRDA:165,16,1,0
BRDA:165,17,0,0
BRDA:165,17,1,0
BRF:36
BRH:0
end_of_record
TN:
SF:/Users/kseniatrofimova/Desktop/FSD/sliderPlugin/src/view/SelectedAreaView.ts
FN:5,(anonymous_0)
FN:24,(anonymous_1)
FN:41,(anonymous_2)
FN:52,(anonymous_3)
FN:67,(anonymous_4)
FNF:5
FNH:0
FNDA:0,(anonymous_0)
FNDA:0,(anonymous_1)
FNDA:0,(anonymous_2)
FNDA:0,(anonymous_3)
FNDA:0,(anonymous_4)
DA:12,0
DA:13,0
DA:14,0
DA:15,0
DA:16,0
DA:17,0
DA:19,0
DA:20,0
DA:30,0
DA:31,0
DA:32,0
DA:33,0
DA:35,0
DA:36,0
DA:37,0
DA:42,0
DA:57,0
DA:58,0
DA:59,0
DA:62,0
DA:68,0
DA:69,0
DA:70,0
DA:72,0
DA:77,1
LF:25
LH:1
BRDA:15,0,0,0
BRDA:15,0,1,0
BRDA:30,1,0,0
BRDA:30,1,1,0
BRDA:43,2,0,0
BRDA:43,2,1,0
BRDA:57,3,0,0
BRDA:57,3,1,0
BRDA:58,4,0,0
BRDA:58,4,1,0
BRDA:60,5,0,0
BRDA:60,5,1,0
BRDA:63,6,0,0
BRDA:63,6,1,0
BRDA:69,7,0,0
BRDA:69,7,1,0
BRF:16
BRH:0
end_of_record
