TN:
SF:/Users/kseniatrofimova/Desktop/FSD/sliderPlugin/src/index.ts
FN:5,(anonymous_0)
FN:6,(anonymous_1)
FNF:2
FNH:1
FNDA:1,(anonymous_0)
FNDA:0,(anonymous_1)
DA:5,1
DA:6,1
DA:7,0
DA:8,0
LF:4
LH:2
BRF:0
BRH:0
end_of_record
TN:
SF:/Users/kseniatrofimova/Desktop/FSD/sliderPlugin/src/model/MainModel.ts
FN:19,(anonymous_0)
FN:23,(anonymous_1)
FN:36,(anonymous_2)
FN:40,(anonymous_3)
FN:47,(anonymous_4)
FN:61,(anonymous_5)
FN:71,(anonymous_6)
FN:85,(anonymous_7)
FN:90,(anonymous_8)
FN:102,(anonymous_9)
FN:103,(anonymous_10)
FN:104,(anonymous_11)
FN:109,(anonymous_12)
FN:110,(anonymous_13)
FN:116,(anonymous_14)
FN:122,(anonymous_15)
FN:129,(anonymous_16)
FN:133,(anonymous_17)
FN:145,(anonymous_18)
FN:149,(anonymous_19)
FN:161,(anonymous_20)
FN:165,(anonymous_21)
FN:176,(anonymous_22)
FN:192,(anonymous_23)
FNF:24
FNH:24
FNDA:16,(anonymous_0)
FNDA:2,(anonymous_1)
FNDA:2,(anonymous_2)
FNDA:810,(anonymous_3)
FNDA:20,(anonymous_4)
FNDA:810,(anonymous_5)
FNDA:20,(anonymous_6)
FNDA:282,(anonymous_7)
FNDA:18,(anonymous_8)
FNDA:102,(anonymous_9)
FNDA:204,(anonymous_10)
FNDA:204,(anonymous_11)
FNDA:20,(anonymous_12)
FNDA:40,(anonymous_13)
FNDA:40,(anonymous_14)
FNDA:40,(anonymous_15)
FNDA:23,(anonymous_16)
FNDA:18,(anonymous_17)
FNDA:23,(anonymous_18)
FNDA:18,(anonymous_19)
FNDA:23,(anonymous_20)
FNDA:18,(anonymous_21)
FNDA:16,(anonymous_22)
FNDA:132,(anonymous_23)
DA:7,16
DA:9,16
DA:20,16
DA:26,2
DA:27,2
DA:28,2
DA:29,2
DA:30,2
DA:31,2
DA:32,2
DA:33,2
DA:37,2
DA:41,810
DA:42,1
DA:44,810
DA:48,20
DA:49,20
DA:51,0
DA:53,20
DA:62,810
DA:63,0
DA:65,810
DA:66,17
DA:68,793
DA:72,20
DA:73,20
DA:75,0
DA:77,20
DA:86,282
DA:87,282
DA:91,18
DA:92,18
DA:94,0
DA:96,18
DA:103,204
DA:104,204
DA:105,102
DA:106,102
DA:110,20
DA:111,40
DA:112,40
DA:114,0
DA:116,20
DA:117,40
DA:118,15
DA:120,25
DA:122,40
DA:123,20
DA:124,20
DA:130,23
DA:134,18
DA:135,18
DA:137,0
DA:139,18
DA:146,23
DA:150,18
DA:151,18
DA:153,0
DA:155,18
DA:162,23
DA:166,18
DA:167,18
DA:169,0
DA:171,18
DA:179,16
DA:180,16
DA:181,16
DA:182,16
DA:183,16
DA:184,1
DA:185,1
DA:187,16
DA:188,16
DA:189,16
DA:193,132
LF:75
LH:67
BRDA:27,0,0,1
BRDA:27,0,1,1
BRDA:28,1,0,1
BRDA:28,1,1,1
BRDA:29,2,0,2
BRDA:29,2,1,0
BRDA:30,3,0,2
BRDA:30,3,1,0
BRDA:31,4,0,1
BRDA:31,4,1,1
BRDA:32,5,0,2
BRDA:32,5,1,0
BRDA:33,6,0,2
BRDA:33,6,1,0
BRDA:41,7,0,1
BRDA:41,7,1,809
BRDA:48,8,0,20
BRDA:48,8,1,0
BRDA:62,9,0,0
BRDA:62,9,1,810
BRDA:65,10,0,17
BRDA:65,10,1,793
BRDA:72,11,0,20
BRDA:72,11,1,0
BRDA:91,12,0,18
BRDA:91,12,1,0
BRDA:111,13,0,40
BRDA:111,13,1,0
BRDA:117,14,0,15
BRDA:117,14,1,25
BRDA:134,15,0,18
BRDA:134,15,1,0
BRDA:150,16,0,18
BRDA:150,16,1,0
BRDA:166,17,0,18
BRDA:166,17,1,0
BRDA:180,18,0,1
BRDA:180,18,1,15
BRDA:181,19,0,1
BRDA:181,19,1,15
BRDA:182,20,0,1
BRDA:182,20,1,15
BRDA:183,21,0,1
BRDA:183,21,1,15
BRDA:184,22,0,0
BRDA:184,22,1,1
BRDA:187,23,0,1
BRDA:187,23,1,15
BRDA:188,24,0,1
BRDA:188,24,1,15
BRDA:189,25,0,1
BRDA:189,25,1,15
BRF:52
BRH:39
end_of_record
TN:
SF:/Users/kseniatrofimova/Desktop/FSD/sliderPlugin/src/model/Validators.ts
FN:2,(anonymous_0)
FN:6,(anonymous_1)
FN:10,(anonymous_2)
FN:45,(anonymous_3)
FN:53,(anonymous_4)
FN:63,(anonymous_5)
FNF:6
FNH:6
FNDA:98,(anonymous_0)
FNDA:54,(anonymous_1)
FNDA:225,(anonymous_2)
FNDA:122,(anonymous_3)
FNDA:244,(anonymous_4)
FNDA:302,(anonymous_5)
DA:3,98
DA:7,54
DA:12,225
DA:13,225
DA:14,2
DA:15,2
DA:17,223
DA:18,4
DA:19,2
DA:20,2
DA:22,2
DA:23,2
DA:24,2
DA:25,1
DA:26,1
DA:28,1
DA:29,0
DA:31,2
DA:33,219
DA:34,205
DA:35,205
DA:38,14
DA:39,14
DA:40,0
DA:42,14
DA:46,122
DA:47,122
DA:48,1
DA:50,122
DA:54,244
DA:55,244
DA:56,9
DA:57,244
DA:58,1
DA:60,244
DA:64,302
DA:65,302
DA:66,1
DA:67,301
DA:68,1
DA:70,300
LF:41
LH:39
BRDA:13,0,0,2
BRDA:13,0,1,223
BRDA:13,1,0,225
BRDA:13,1,1,5
BRDA:17,2,0,4
BRDA:17,2,1,219
BRDA:18,3,0,2
BRDA:18,3,1,2
BRDA:18,4,0,4
BRDA:18,4,1,3
BRDA:24,5,0,1
BRDA:24,5,1,1
BRDA:25,6,0,1
BRDA:25,6,1,0
BRDA:28,7,0,0
BRDA:28,7,1,1
BRDA:33,8,0,205
BRDA:33,8,1,14
BRDA:33,9,0,219
BRDA:33,9,1,114
BRDA:39,10,0,0
BRDA:39,10,1,14
BRDA:47,11,0,1
BRDA:47,11,1,121
BRDA:47,12,0,122
BRDA:47,12,1,1
BRDA:55,13,0,9
BRDA:55,13,1,235
BRDA:57,14,0,1
BRDA:57,14,1,243
BRDA:65,15,0,1
BRDA:65,15,1,301
BRDA:67,16,0,1
BRDA:67,16,1,300
BRF:34
BRH:31
end_of_record
TN:
SF:/Users/kseniatrofimova/Desktop/FSD/sliderPlugin/src/observer/observer.ts
FN:4,(anonymous_0)
FN:8,(anonymous_1)
FN:12,(anonymous_2)
FN:13,(anonymous_3)
FN:16,(anonymous_4)
FN:20,(anonymous_5)
FN:21,(anonymous_6)
FNF:7
FNH:7
FNDA:23,(anonymous_0)
FNDA:2,(anonymous_1)
FNDA:232,(anonymous_2)
FNDA:196,(anonymous_3)
FNDA:7,(anonymous_4)
FNDA:1,(anonymous_5)
FNDA:1,(anonymous_6)
DA:5,23
DA:9,2
DA:13,232
DA:17,7
DA:21,1
LF:5
LH:5
BRF:0
BRH:0
end_of_record
TN:
SF:/Users/kseniatrofimova/Desktop/FSD/sliderPlugin/src/presenter/Facade.ts
FN:13,(anonymous_0)
FN:17,(anonymous_1)
FN:18,(anonymous_2)
FN:23,(anonymous_3)
FN:27,(anonymous_4)
FN:31,(anonymous_5)
FN:36,(anonymous_6)
FN:40,(anonymous_7)
FN:44,(anonymous_8)
FN:48,(anonymous_9)
FN:52,(anonymous_10)
FN:56,(anonymous_11)
FN:60,(anonymous_12)
FN:64,(anonymous_13)
FN:68,(anonymous_14)
FN:72,(anonymous_15)
FN:76,(anonymous_16)
FNF:17
FNH:17
FNDA:1,(anonymous_0)
FNDA:1,(anonymous_1)
FNDA:98,(anonymous_2)
FNDA:1,(anonymous_3)
FNDA:2,(anonymous_4)
FNDA:14,(anonymous_5)
FNDA:2,(anonymous_6)
FNDA:14,(anonymous_7)
FNDA:2,(anonymous_8)
FNDA:14,(anonymous_9)
FNDA:2,(anonymous_10)
FNDA:14,(anonymous_11)
FNDA:2,(anonymous_12)
FNDA:14,(anonymous_13)
FNDA:2,(anonymous_14)
FNDA:14,(anonymous_15)
FNDA:1,(anonymous_16)
DA:11,1
DA:14,1
DA:18,1
DA:19,98
DA:24,1
DA:28,2
DA:32,14
DA:33,14
DA:37,2
DA:41,14
DA:45,2
DA:49,14
DA:53,2
DA:57,14
DA:61,2
DA:65,14
DA:69,2
DA:73,14
DA:77,1
DA:78,1
DA:79,1
LF:21
LH:21
BRF:0
BRH:0
end_of_record
TN:
SF:/Users/kseniatrofimova/Desktop/FSD/sliderPlugin/src/presenter/Presenter.ts
FN:12,(anonymous_0)
FN:16,(anonymous_1)
FN:20,(anonymous_2)
FN:31,(anonymous_3)
FN:32,(anonymous_4)
FN:37,(anonymous_5)
FN:38,(anonymous_6)
FNF:7
FNH:6
FNDA:2,(anonymous_0)
FNDA:2,(anonymous_1)
FNDA:2,(anonymous_2)
FNDA:2,(anonymous_3)
FNDA:0,(anonymous_4)
FNDA:2,(anonymous_5)
FNDA:98,(anonymous_6)
DA:13,2
DA:17,2
DA:21,2
DA:22,2
DA:23,2
DA:27,2
DA:28,2
DA:32,2
DA:33,0
DA:38,2
DA:39,98
LF:11
LH:10
BRF:0
BRH:0
end_of_record
TN:
SF:/Users/kseniatrofimova/Desktop/FSD/sliderPlugin/src/view/HandlerView.ts
FN:10,(anonymous_0)
FN:14,(anonymous_1)
FN:25,(anonymous_2)
FN:35,(anonymous_3)
FN:39,(anonymous_4)
FN:43,(anonymous_5)
FN:47,(anonymous_6)
FN:54,(anonymous_7)
FN:61,(anonymous_8)
FN:73,(anonymous_9)
FN:77,(anonymous_10)
FNF:11
FNH:11
FNDA:14,(anonymous_0)
FNDA:208,(anonymous_1)
FNDA:208,(anonymous_2)
FNDA:435,(anonymous_3)
FNDA:104,(anonymous_4)
FNDA:10,(anonymous_5)
FNDA:14,(anonymous_6)
FNDA:208,(anonymous_7)
FNDA:208,(anonymous_8)
FNDA:401,(anonymous_9)
FNDA:208,(anonymous_10)
DA:6,14
DA:11,14
DA:15,208
DA:16,208
DA:17,208
DA:18,208
DA:19,208
DA:20,208
DA:21,208
DA:22,208
DA:26,208
DA:27,193
DA:28,193
DA:29,193
DA:31,15
DA:36,435
DA:40,104
DA:44,10
DA:48,14
DA:49,14
DA:50,14
DA:51,14
DA:55,208
DA:58,208
DA:62,208
DA:63,208
DA:64,208
DA:65,208
DA:66,208
DA:67,208
DA:68,208
DA:69,208
DA:74,401
DA:78,208
DA:79,195
DA:80,195
DA:81,195
DA:83,13
DA:84,13
LF:39
LH:39
BRDA:16,0,0,195
BRDA:16,0,1,13
BRDA:26,1,0,193
BRDA:26,1,1,15
BRDA:27,2,0,192
BRDA:27,2,1,1
BRDA:31,3,0,0
BRDA:31,3,1,15
BRDA:31,4,0,15
BRDA:31,4,1,15
BRDA:40,5,0,1
BRDA:40,5,1,103
BRDA:40,6,0,104
BRDA:40,6,1,103
BRDA:50,7,0,13
BRDA:50,7,1,1
BRDA:51,8,0,13
BRDA:51,8,1,1
BRDA:56,9,0,195
BRDA:56,9,1,13
BRDA:62,10,0,208
BRDA:62,10,1,0
BRDA:66,11,0,195
BRDA:66,11,1,13
BRDA:74,12,0,401
BRDA:74,12,1,0
BRDA:78,13,0,195
BRDA:78,13,1,13
BRF:28
BRH:25
end_of_record
TN:
SF:/Users/kseniatrofimova/Desktop/FSD/sliderPlugin/src/view/LabelView.ts
FN:4,(anonymous_0)
FN:8,(anonymous_1)
FN:12,(anonymous_2)
FN:16,(anonymous_3)
FN:23,(anonymous_4)
FN:28,(anonymous_5)
FNF:6
FNH:6
FNDA:15,(anonymous_0)
FNDA:952,(anonymous_1)
FNDA:402,(anonymous_2)
FNDA:209,(anonymous_3)
FNDA:210,(anonymous_4)
FNDA:15,(anonymous_5)
DA:2,15
DA:5,15
DA:9,952
DA:13,402
DA:17,209
DA:20,209
DA:24,210
DA:25,210
DA:29,15
LF:9
LH:9
BRDA:18,0,0,195
BRDA:18,0,1,14
BRDA:24,1,0,196
BRDA:24,1,1,14
BRF:4
BRH:4
end_of_record
TN:
SF:/Users/kseniatrofimova/Desktop/FSD/sliderPlugin/src/view/MainView.ts
FN:23,(anonymous_1)
FN:30,(anonymous_2)
FN:43,(anonymous_3)
FN:47,(anonymous_4)
FN:48,(anonymous_5)
FN:51,(anonymous_6)
FN:61,(anonymous_7)
FN:79,(anonymous_8)
FN:87,(anonymous_9)
FN:108,(anonymous_10)
FN:109,(anonymous_11)
FN:115,(anonymous_12)
FN:128,(anonymous_13)
FN:129,(anonymous_14)
FN:140,(anonymous_15)
FN:141,(anonymous_16)
FN:149,(anonymous_17)
FN:150,(anonymous_18)
FN:154,(anonymous_19)
FN:156,(anonymous_20)
FN:173,(anonymous_21)
FN:182,(anonymous_22)
FN:190,(anonymous_23)
FN:230,(anonymous_24)
FNF:24
FNH:22
FNDA:5,(anonymous_1)
FNDA:98,(anonymous_2)
FNDA:2,(anonymous_3)
FNDA:103,(anonymous_4)
FNDA:206,(anonymous_5)
FNDA:104,(anonymous_6)
FNDA:100,(anonymous_7)
FNDA:4,(anonymous_8)
FNDA:5,(anonymous_9)
FNDA:5,(anonymous_10)
FNDA:10,(anonymous_11)
FNDA:98,(anonymous_12)
FNDA:5,(anonymous_13)
FNDA:10,(anonymous_14)
FNDA:103,(anonymous_15)
FNDA:206,(anonymous_16)
FNDA:103,(anonymous_17)
FNDA:206,(anonymous_18)
FNDA:0,(anonymous_19)
FNDA:0,(anonymous_20)
FNDA:2,(anonymous_21)
FNDA:2,(anonymous_22)
FNDA:2,(anonymous_23)
FNDA:1,(anonymous_24)
DA:9,5
DA:11,5
DA:17,5
DA:21,5
DA:27,5
DA:31,98
DA:32,98
DA:33,98
DA:34,98
DA:35,98
DA:36,98
DA:44,2
DA:48,206
DA:52,104
DA:53,98
DA:54,98
DA:56,6
DA:57,6
DA:62,100
DA:63,100
DA:64,100
DA:65,100
DA:66,100
DA:67,100
DA:68,7
DA:69,7
DA:71,93
DA:72,93
DA:73,86
DA:80,4
DA:81,4
DA:82,3
DA:84,1
DA:91,5
DA:92,5
DA:93,5
DA:94,5
DA:95,5
DA:96,5
DA:97,5
DA:98,5
DA:99,5
DA:100,5
DA:109,5
DA:110,10
DA:112,5
DA:118,98
DA:119,98
DA:120,98
DA:121,98
DA:122,98
DA:123,98
DA:124,98
DA:125,98
DA:129,5
DA:130,10
DA:132,5
DA:133,5
DA:134,5
DA:135,5
DA:136,5
DA:141,206
DA:142,103
DA:143,0
DA:144,103
DA:145,2
DA:150,206
DA:154,1
DA:155,0
DA:156,0
DA:157,0
DA:158,0
DA:160,0
DA:161,0
DA:162,0
DA:163,0
DA:164,0
DA:166,0
DA:169,0
DA:173,1
DA:174,2
DA:175,2
DA:176,2
DA:177,2
DA:178,2
DA:182,1
DA:183,2
DA:184,2
DA:186,0
DA:191,2
DA:192,2
DA:195,2
DA:196,0
DA:200,2
DA:201,1
DA:202,1
DA:203,1
DA:204,1
DA:205,1
DA:207,0
DA:208,0
DA:210,1
DA:213,1
DA:214,1
DA:215,1
DA:216,0
DA:217,0
DA:218,0
DA:220,1
DA:221,1
DA:223,1
DA:230,1
DA:231,1
DA:232,1
LF:114
LH:95
BRDA:52,0,0,98
BRDA:52,0,1,6
BRDA:64,1,0,100
BRDA:64,1,1,0
BRDA:67,2,0,7
BRDA:67,2,1,93
BRDA:69,3,0,0
BRDA:69,3,1,7
BRDA:69,4,0,7
BRDA:69,4,1,7
BRDA:72,5,0,86
BRDA:72,5,1,7
BRDA:72,6,0,93
BRDA:72,6,1,93
BRDA:81,7,0,3
BRDA:81,7,1,1
BRDA:119,8,0,28
BRDA:119,8,1,70
BRDA:120,9,0,28
BRDA:120,9,1,70
BRDA:121,10,0,84
BRDA:121,10,1,14
BRDA:122,11,0,14
BRDA:122,11,1,84
BRDA:123,12,0,42
BRDA:123,12,1,56
BRDA:124,13,0,14
BRDA:124,13,1,84
BRDA:125,14,0,14
BRDA:125,14,1,84
BRDA:135,15,0,5
BRDA:135,15,1,0
BRDA:142,16,0,0
BRDA:142,16,1,103
BRDA:144,17,0,2
BRDA:144,17,1,101
BRDA:157,18,0,0
BRDA:157,18,1,0
BRDA:161,19,0,0
BRDA:161,19,1,0
BRDA:163,20,0,0
BRDA:163,20,1,0
BRDA:163,21,0,0
BRDA:163,21,1,0
BRDA:183,22,0,2
BRDA:183,22,1,0
BRDA:193,23,0,2
BRDA:193,23,1,0
BRDA:195,24,0,0
BRDA:195,24,1,2
BRDA:200,25,0,1
BRDA:200,25,1,1
BRDA:201,26,0,0
BRDA:201,26,1,1
BRDA:202,27,0,1
BRDA:202,27,1,0
BRDA:202,28,0,1
BRDA:202,28,1,1
BRDA:202,28,2,1
BRDA:213,29,0,1
BRDA:213,29,1,0
BRDA:214,30,0,0
BRDA:214,30,1,1
BRDA:215,31,0,0
BRDA:215,31,1,1
BRF:65
BRH:45
end_of_record
TN:
SF:/Users/kseniatrofimova/Desktop/FSD/sliderPlugin/src/view/SelectedAreaView.ts
FN:6,(anonymous_0)
FN:15,(anonymous_1)
FN:32,(anonymous_2)
FN:36,(anonymous_3)
FN:57,(anonymous_4)
FN:68,(anonymous_5)
FN:82,(anonymous_6)
FN:98,(anonymous_7)
FNF:8
FNH:8
FNDA:6,(anonymous_0)
FNDA:103,(anonymous_1)
FNDA:7,(anonymous_2)
FNDA:6,(anonymous_3)
FNDA:9,(anonymous_4)
FNDA:100,(anonymous_5)
FNDA:109,(anonymous_6)
FNDA:418,(anonymous_7)
DA:2,6
DA:12,6
DA:20,103
DA:21,9
DA:22,9
DA:23,9
DA:25,94
DA:26,94
DA:27,94
DA:29,103
DA:33,7
DA:44,6
DA:45,6
DA:46,6
DA:47,6
DA:48,0
DA:49,0
DA:51,6
DA:52,6
DA:54,6
DA:58,9
DA:59,8
DA:63,1
DA:72,100
DA:73,100
DA:74,100
DA:77,100
DA:83,109
DA:84,100
DA:85,100
DA:86,100
DA:87,8
DA:90,9
DA:91,9
DA:92,9
DA:93,1
DA:99,418
DA:100,418
DA:101,384
DA:103,34
LF:40
LH:38
BRDA:20,0,0,9
BRDA:20,0,1,94
BRDA:47,1,0,0
BRDA:47,1,1,6
BRDA:58,2,0,8
BRDA:58,2,1,1
BRDA:72,3,0,92
BRDA:72,3,1,8
BRDA:73,4,0,92
BRDA:73,4,1,8
BRDA:75,5,0,92
BRDA:75,5,1,8
BRDA:78,6,0,92
BRDA:78,6,1,8
BRDA:83,7,0,100
BRDA:83,7,1,9
BRDA:86,8,0,8
BRDA:86,8,1,92
BRDA:92,9,0,1
BRDA:92,9,1,8
BRDA:100,10,0,384
BRDA:100,10,1,34
BRF:22
BRH:21
end_of_record
