TN:
SF:/Users/kseniatrofimova/Desktop/FSD/sliderPlugin/src/index.ts
FN:5,(anonymous_0)
FN:6,(anonymous_1)
FNF:2
FNH:1
FNDA:1,(anonymous_0)
FNDA:0,(anonymous_1)
DA:5,1
DA:6,1
DA:7,0
DA:8,0
LF:4
LH:2
BRF:0
BRH:0
end_of_record
TN:
SF:/Users/kseniatrofimova/Desktop/FSD/sliderPlugin/src/model/MainModel.ts
FN:19,(anonymous_0)
FN:23,(anonymous_1)
FN:36,(anonymous_2)
FN:40,(anonymous_3)
FN:47,(anonymous_4)
FN:61,(anonymous_5)
FN:71,(anonymous_6)
FN:85,(anonymous_7)
FN:90,(anonymous_8)
FN:102,(anonymous_9)
FN:103,(anonymous_10)
FN:114,(anonymous_11)
FN:119,(anonymous_12)
FN:120,(anonymous_13)
FN:126,(anonymous_14)
FN:140,(anonymous_15)
FN:147,(anonymous_16)
FN:151,(anonymous_17)
FN:163,(anonymous_18)
FN:167,(anonymous_19)
FN:179,(anonymous_20)
FN:183,(anonymous_21)
FN:194,(anonymous_22)
FN:210,(anonymous_23)
FNF:24
FNH:24
FNDA:16,(anonymous_0)
FNDA:2,(anonymous_1)
FNDA:2,(anonymous_2)
FNDA:810,(anonymous_3)
FNDA:20,(anonymous_4)
FNDA:810,(anonymous_5)
FNDA:20,(anonymous_6)
FNDA:282,(anonymous_7)
FNDA:18,(anonymous_8)
FNDA:102,(anonymous_9)
FNDA:204,(anonymous_10)
FNDA:204,(anonymous_11)
FNDA:20,(anonymous_12)
FNDA:40,(anonymous_13)
FNDA:40,(anonymous_14)
FNDA:40,(anonymous_15)
FNDA:23,(anonymous_16)
FNDA:18,(anonymous_17)
FNDA:23,(anonymous_18)
FNDA:18,(anonymous_19)
FNDA:23,(anonymous_20)
FNDA:18,(anonymous_21)
FNDA:16,(anonymous_22)
FNDA:132,(anonymous_23)
DA:7,16
DA:9,16
DA:20,16
DA:26,2
DA:27,2
DA:28,2
DA:29,2
DA:30,2
DA:31,2
DA:32,2
DA:33,2
DA:37,2
DA:41,810
DA:42,1
DA:44,810
DA:48,20
DA:49,20
DA:51,0
DA:53,20
DA:62,810
DA:63,0
DA:65,810
DA:66,17
DA:68,793
DA:72,20
DA:73,20
DA:75,0
DA:77,20
DA:86,282
DA:87,282
DA:91,18
DA:92,18
DA:94,0
DA:96,18
DA:103,102
DA:104,204
DA:112,204
DA:114,204
DA:115,102
DA:116,102
DA:120,20
DA:121,40
DA:122,40
DA:124,0
DA:126,20
DA:127,40
DA:128,15
DA:136,15
DA:138,25
DA:140,40
DA:141,20
DA:142,20
DA:148,23
DA:152,18
DA:153,18
DA:155,0
DA:157,18
DA:164,23
DA:168,18
DA:169,18
DA:171,0
DA:173,18
DA:180,23
DA:184,18
DA:185,18
DA:187,0
DA:189,18
DA:197,16
DA:198,16
DA:199,16
DA:200,16
DA:201,16
DA:202,1
DA:203,1
DA:205,16
DA:206,16
DA:207,16
DA:211,132
LF:78
LH:70
BRDA:27,0,0,1
BRDA:27,0,1,1
BRDA:28,1,0,1
BRDA:28,1,1,1
BRDA:29,2,0,2
BRDA:29,2,1,0
BRDA:30,3,0,2
BRDA:30,3,1,0
BRDA:31,4,0,1
BRDA:31,4,1,1
BRDA:32,5,0,2
BRDA:32,5,1,0
BRDA:33,6,0,2
BRDA:33,6,1,0
BRDA:41,7,0,1
BRDA:41,7,1,809
BRDA:48,8,0,20
BRDA:48,8,1,0
BRDA:62,9,0,0
BRDA:62,9,1,810
BRDA:65,10,0,17
BRDA:65,10,1,793
BRDA:72,11,0,20
BRDA:72,11,1,0
BRDA:91,12,0,18
BRDA:91,12,1,0
BRDA:121,13,0,40
BRDA:121,13,1,0
BRDA:127,14,0,15
BRDA:127,14,1,25
BRDA:152,15,0,18
BRDA:152,15,1,0
BRDA:168,16,0,18
BRDA:168,16,1,0
BRDA:184,17,0,18
BRDA:184,17,1,0
BRDA:198,18,0,1
BRDA:198,18,1,15
BRDA:199,19,0,1
BRDA:199,19,1,15
BRDA:200,20,0,1
BRDA:200,20,1,15
BRDA:201,21,0,1
BRDA:201,21,1,15
BRDA:202,22,0,0
BRDA:202,22,1,1
BRDA:205,23,0,1
BRDA:205,23,1,15
BRDA:206,24,0,1
BRDA:206,24,1,15
BRDA:207,25,0,1
BRDA:207,25,1,15
BRF:52
BRH:39
end_of_record
TN:
SF:/Users/kseniatrofimova/Desktop/FSD/sliderPlugin/src/model/Validators.ts
FN:2,(anonymous_0)
FN:6,(anonymous_1)
FN:10,(anonymous_2)
FN:55,(anonymous_3)
FN:64,(anonymous_4)
FN:75,(anonymous_5)
FNF:6
FNH:6
FNDA:98,(anonymous_0)
FNDA:54,(anonymous_1)
FNDA:225,(anonymous_2)
FNDA:122,(anonymous_3)
FNDA:244,(anonymous_4)
FNDA:302,(anonymous_5)
DA:3,98
DA:7,54
DA:18,225
DA:20,225
DA:21,225
DA:22,225
DA:23,205
DA:24,205
DA:26,20
DA:27,4
DA:28,4
DA:29,2
DA:30,2
DA:32,2
DA:33,2
DA:34,2
DA:35,1
DA:36,1
DA:38,1
DA:39,0
DA:41,2
DA:43,16
DA:44,16
DA:45,2
DA:46,2
DA:48,14
DA:49,14
DA:50,0
DA:52,14
DA:56,122
DA:57,122
DA:58,122
DA:59,1
DA:61,122
DA:65,244
DA:66,244
DA:67,9
DA:69,244
DA:70,1
DA:72,244
DA:76,302
DA:77,302
DA:78,1
DA:80,301
DA:81,1
DA:83,300
LF:46
LH:44
BRDA:21,0,0,225
BRDA:21,0,1,120
BRDA:22,1,0,205
BRDA:22,1,1,20
BRDA:26,2,0,4
BRDA:26,2,1,16
BRDA:27,3,0,4
BRDA:27,3,1,3
BRDA:28,4,0,2
BRDA:28,4,1,2
BRDA:34,5,0,1
BRDA:34,5,1,1
BRDA:35,6,0,1
BRDA:35,6,1,0
BRDA:38,7,0,0
BRDA:38,7,1,1
BRDA:43,8,0,16
BRDA:43,8,1,2
BRDA:44,9,0,2
BRDA:44,9,1,14
BRDA:49,10,0,0
BRDA:49,10,1,14
BRDA:57,11,0,122
BRDA:57,11,1,1
BRDA:58,12,0,1
BRDA:58,12,1,121
BRDA:66,13,0,9
BRDA:66,13,1,235
BRDA:69,14,0,1
BRDA:69,14,1,243
BRDA:77,15,0,1
BRDA:77,15,1,301
BRDA:80,16,0,1
BRDA:80,16,1,300
BRF:34
BRH:31
end_of_record
TN:
SF:/Users/kseniatrofimova/Desktop/FSD/sliderPlugin/src/observer/observer.ts
FN:7,(anonymous_0)
FN:11,(anonymous_1)
FN:15,(anonymous_2)
FN:16,(anonymous_3)
FN:19,(anonymous_4)
FN:23,(anonymous_5)
FN:24,(anonymous_6)
FNF:7
FNH:7
FNDA:23,(anonymous_0)
FNDA:2,(anonymous_1)
FNDA:232,(anonymous_2)
FNDA:196,(anonymous_3)
FNDA:7,(anonymous_4)
FNDA:1,(anonymous_5)
FNDA:1,(anonymous_6)
DA:8,23
DA:12,2
DA:16,232
DA:20,7
DA:24,1
LF:5
LH:5
BRF:0
BRH:0
end_of_record
TN:
SF:/Users/kseniatrofimova/Desktop/FSD/sliderPlugin/src/presenter/Facade.ts
FN:13,(anonymous_0)
FN:17,(anonymous_1)
FN:18,(anonymous_2)
FN:23,(anonymous_3)
FN:27,(anonymous_4)
FN:31,(anonymous_5)
FN:36,(anonymous_6)
FN:40,(anonymous_7)
FN:44,(anonymous_8)
FN:48,(anonymous_9)
FN:52,(anonymous_10)
FN:56,(anonymous_11)
FN:60,(anonymous_12)
FN:64,(anonymous_13)
FN:68,(anonymous_14)
FN:72,(anonymous_15)
FN:76,(anonymous_16)
FNF:17
FNH:17
FNDA:1,(anonymous_0)
FNDA:1,(anonymous_1)
FNDA:98,(anonymous_2)
FNDA:1,(anonymous_3)
FNDA:2,(anonymous_4)
FNDA:14,(anonymous_5)
FNDA:2,(anonymous_6)
FNDA:14,(anonymous_7)
FNDA:2,(anonymous_8)
FNDA:14,(anonymous_9)
FNDA:2,(anonymous_10)
FNDA:14,(anonymous_11)
FNDA:2,(anonymous_12)
FNDA:14,(anonymous_13)
FNDA:2,(anonymous_14)
FNDA:14,(anonymous_15)
FNDA:1,(anonymous_16)
DA:11,1
DA:14,1
DA:18,1
DA:19,98
DA:24,1
DA:28,2
DA:32,14
DA:33,14
DA:37,2
DA:41,14
DA:45,2
DA:49,14
DA:53,2
DA:57,14
DA:61,2
DA:65,14
DA:69,2
DA:73,14
DA:77,1
DA:78,1
DA:79,1
LF:21
LH:21
BRF:0
BRH:0
end_of_record
TN:
SF:/Users/kseniatrofimova/Desktop/FSD/sliderPlugin/src/presenter/Presenter.ts
FN:12,(anonymous_0)
FN:16,(anonymous_1)
FN:20,(anonymous_2)
FN:28,(anonymous_3)
FN:29,(anonymous_4)
FN:34,(anonymous_5)
FN:35,(anonymous_6)
FNF:7
FNH:6
FNDA:2,(anonymous_0)
FNDA:2,(anonymous_1)
FNDA:2,(anonymous_2)
FNDA:2,(anonymous_3)
FNDA:0,(anonymous_4)
FNDA:2,(anonymous_5)
FNDA:98,(anonymous_6)
DA:13,2
DA:17,2
DA:21,2
DA:22,2
DA:23,2
DA:24,2
DA:25,2
DA:29,2
DA:30,0
DA:35,2
DA:36,98
LF:11
LH:10
BRF:0
BRH:0
end_of_record
TN:
SF:/Users/kseniatrofimova/Desktop/FSD/sliderPlugin/src/view/HandlerView.ts
FN:10,(anonymous_0)
FN:14,(anonymous_1)
FN:32,(anonymous_2)
FN:42,(anonymous_3)
FN:46,(anonymous_4)
FN:50,(anonymous_5)
FN:54,(anonymous_6)
FN:61,(anonymous_7)
FN:68,(anonymous_8)
FN:86,(anonymous_9)
FN:90,(anonymous_10)
FNF:11
FNH:11
FNDA:14,(anonymous_0)
FNDA:208,(anonymous_1)
FNDA:208,(anonymous_2)
FNDA:435,(anonymous_3)
FNDA:104,(anonymous_4)
FNDA:10,(anonymous_5)
FNDA:14,(anonymous_6)
FNDA:208,(anonymous_7)
FNDA:208,(anonymous_8)
FNDA:401,(anonymous_9)
FNDA:208,(anonymous_10)
DA:6,14
DA:11,14
DA:20,208
DA:21,208
DA:22,208
DA:23,208
DA:24,208
DA:25,208
DA:26,208
DA:27,208
DA:28,208
DA:29,208
DA:33,208
DA:34,193
DA:35,193
DA:36,193
DA:38,15
DA:43,435
DA:47,104
DA:51,10
DA:55,14
DA:56,14
DA:57,14
DA:58,14
DA:62,208
DA:65,208
DA:74,208
DA:75,208
DA:76,208
DA:77,208
DA:78,208
DA:79,208
DA:80,208
DA:81,208
DA:82,208
DA:87,401
DA:91,208
DA:92,195
DA:93,195
DA:94,195
DA:96,13
DA:97,13
LF:42
LH:42
BRDA:22,0,0,195
BRDA:22,0,1,13
BRDA:33,1,0,193
BRDA:33,1,1,15
BRDA:34,2,0,192
BRDA:34,2,1,1
BRDA:38,3,0,0
BRDA:38,3,1,15
BRDA:38,4,0,15
BRDA:38,4,1,15
BRDA:47,5,0,1
BRDA:47,5,1,103
BRDA:47,6,0,104
BRDA:47,6,1,103
BRDA:57,7,0,13
BRDA:57,7,1,1
BRDA:58,8,0,13
BRDA:58,8,1,1
BRDA:63,9,0,195
BRDA:63,9,1,13
BRDA:75,10,0,208
BRDA:75,10,1,0
BRDA:79,11,0,195
BRDA:79,11,1,13
BRDA:87,12,0,401
BRDA:87,12,1,0
BRDA:91,13,0,195
BRDA:91,13,1,13
BRF:28
BRH:25
end_of_record
TN:
SF:/Users/kseniatrofimova/Desktop/FSD/sliderPlugin/src/view/LabelView.ts
FN:4,(anonymous_0)
FN:8,(anonymous_1)
FN:12,(anonymous_2)
FN:16,(anonymous_3)
FN:23,(anonymous_4)
FN:28,(anonymous_5)
FNF:6
FNH:6
FNDA:15,(anonymous_0)
FNDA:952,(anonymous_1)
FNDA:402,(anonymous_2)
FNDA:209,(anonymous_3)
FNDA:210,(anonymous_4)
FNDA:15,(anonymous_5)
DA:2,15
DA:5,15
DA:9,952
DA:13,402
DA:17,209
DA:20,209
DA:24,210
DA:25,210
DA:29,15
LF:9
LH:9
BRDA:18,0,0,195
BRDA:18,0,1,14
BRDA:24,1,0,196
BRDA:24,1,1,14
BRF:4
BRH:4
end_of_record
TN:
SF:/Users/kseniatrofimova/Desktop/FSD/sliderPlugin/src/view/MainView.ts
FN:23,(anonymous_1)
FN:27,(anonymous_2)
FN:40,(anonymous_3)
FN:44,(anonymous_4)
FN:45,(anonymous_5)
FN:48,(anonymous_6)
FN:58,(anonymous_7)
FN:76,(anonymous_8)
FN:84,(anonymous_9)
FN:102,(anonymous_10)
FN:103,(anonymous_11)
FN:109,(anonymous_12)
FN:120,(anonymous_13)
FN:121,(anonymous_14)
FN:132,(anonymous_15)
FN:134,(anonymous_16)
FN:145,(anonymous_17)
FN:146,(anonymous_18)
FN:152,(anonymous_19)
FN:154,(anonymous_20)
FN:177,(anonymous_21)
FN:186,(anonymous_22)
FN:194,(anonymous_23)
FN:246,(anonymous_24)
FNF:24
FNH:22
FNDA:5,(anonymous_1)
FNDA:98,(anonymous_2)
FNDA:2,(anonymous_3)
FNDA:103,(anonymous_4)
FNDA:206,(anonymous_5)
FNDA:104,(anonymous_6)
FNDA:100,(anonymous_7)
FNDA:4,(anonymous_8)
FNDA:5,(anonymous_9)
FNDA:5,(anonymous_10)
FNDA:10,(anonymous_11)
FNDA:98,(anonymous_12)
FNDA:5,(anonymous_13)
FNDA:10,(anonymous_14)
FNDA:103,(anonymous_15)
FNDA:206,(anonymous_16)
FNDA:103,(anonymous_17)
FNDA:206,(anonymous_18)
FNDA:0,(anonymous_19)
FNDA:0,(anonymous_20)
FNDA:2,(anonymous_21)
FNDA:2,(anonymous_22)
FNDA:2,(anonymous_23)
FNDA:1,(anonymous_24)
DA:9,5
DA:11,5
DA:17,5
DA:21,5
DA:24,5
DA:28,98
DA:29,98
DA:30,98
DA:31,98
DA:32,98
DA:33,98
DA:41,2
DA:45,206
DA:49,104
DA:50,98
DA:51,98
DA:53,6
DA:54,6
DA:59,100
DA:60,100
DA:61,100
DA:62,100
DA:63,100
DA:64,100
DA:65,7
DA:66,7
DA:68,93
DA:69,93
DA:70,86
DA:77,4
DA:78,4
DA:79,3
DA:81,1
DA:85,5
DA:86,5
DA:87,5
DA:88,5
DA:89,5
DA:90,5
DA:91,5
DA:92,5
DA:93,5
DA:94,5
DA:103,5
DA:104,10
DA:106,5
DA:110,98
DA:111,98
DA:112,98
DA:113,98
DA:114,98
DA:115,98
DA:116,98
DA:117,98
DA:121,5
DA:122,10
DA:124,5
DA:125,5
DA:126,5
DA:127,5
DA:128,5
DA:133,103
DA:134,103
DA:135,206
DA:136,206
DA:138,103
DA:139,0
DA:140,103
DA:141,2
DA:146,103
DA:147,206
DA:152,1
DA:153,0
DA:154,0
DA:155,0
DA:157,0
DA:158,0
DA:160,0
DA:164,0
DA:165,0
DA:166,0
DA:167,0
DA:168,0
DA:170,0
DA:173,0
DA:177,1
DA:178,2
DA:179,2
DA:180,2
DA:181,2
DA:182,2
DA:186,1
DA:187,2
DA:188,2
DA:190,0
DA:195,2
DA:196,2
DA:203,2
DA:204,0
DA:208,2
DA:210,1
DA:214,1
DA:215,1
DA:216,1
DA:217,1
DA:218,1
DA:220,0
DA:221,0
DA:223,1
DA:226,1
DA:228,1
DA:231,1
DA:232,0
DA:233,0
DA:234,0
DA:236,1
DA:237,1
DA:239,1
DA:246,1
DA:247,1
DA:248,1
LF:121
LH:100
BRDA:49,0,0,98
BRDA:49,0,1,6
BRDA:61,1,0,100
BRDA:61,1,1,0
BRDA:64,2,0,7
BRDA:64,2,1,93
BRDA:66,3,0,0
BRDA:66,3,1,7
BRDA:66,4,0,7
BRDA:66,4,1,7
BRDA:69,5,0,86
BRDA:69,5,1,7
BRDA:69,6,0,93
BRDA:69,6,1,93
BRDA:78,7,0,3
BRDA:78,7,1,1
BRDA:111,8,0,28
BRDA:111,8,1,70
BRDA:112,9,0,28
BRDA:112,9,1,70
BRDA:113,10,0,84
BRDA:113,10,1,14
BRDA:114,11,0,14
BRDA:114,11,1,84
BRDA:115,12,0,42
BRDA:115,12,1,56
BRDA:116,13,0,14
BRDA:116,13,1,84
BRDA:117,14,0,14
BRDA:117,14,1,84
BRDA:127,15,0,5
BRDA:127,15,1,0
BRDA:138,16,0,0
BRDA:138,16,1,103
BRDA:140,17,0,2
BRDA:140,17,1,101
BRDA:157,18,0,0
BRDA:157,18,1,0
BRDA:165,19,0,0
BRDA:165,19,1,0
BRDA:167,20,0,0
BRDA:167,20,1,0
BRDA:167,21,0,0
BRDA:167,21,1,0
BRDA:187,22,0,2
BRDA:187,22,1,0
BRDA:197,23,0,2
BRDA:197,23,1,0
BRDA:203,24,0,0
BRDA:203,24,1,2
BRDA:208,25,0,1
BRDA:208,25,1,1
BRDA:211,26,0,0
BRDA:211,26,1,1
BRDA:214,27,0,1
BRDA:214,27,1,1
BRDA:215,28,0,1
BRDA:215,28,1,0
BRDA:215,29,0,1
BRDA:215,29,1,1
BRDA:226,30,0,1
BRDA:226,30,1,0
BRDA:229,31,0,0
BRDA:229,31,1,1
BRDA:231,32,0,0
BRDA:231,32,1,1
BRF:66
BRH:46
end_of_record
TN:
SF:/Users/kseniatrofimova/Desktop/FSD/sliderPlugin/src/view/SelectedAreaView.ts
FN:6,(anonymous_0)
FN:15,(anonymous_1)
FN:28,(anonymous_2)
FN:32,(anonymous_3)
FN:51,(anonymous_4)
FN:66,(anonymous_5)
FN:91,(anonymous_6)
FN:107,(anonymous_7)
FNF:8
FNH:8
FNDA:6,(anonymous_0)
FNDA:103,(anonymous_1)
FNDA:7,(anonymous_2)
FNDA:6,(anonymous_3)
FNDA:10,(anonymous_4)
FNDA:99,(anonymous_5)
FNDA:109,(anonymous_6)
FNDA:416,(anonymous_7)
DA:2,6
DA:12,6
DA:16,103
DA:17,10
DA:18,10
DA:19,10
DA:21,93
DA:22,93
DA:23,93
DA:25,103
DA:29,7
DA:38,6
DA:39,6
DA:40,6
DA:41,6
DA:42,0
DA:43,0
DA:45,6
DA:46,6
DA:48,6
DA:52,10
DA:53,9
DA:58,1
DA:67,99
DA:68,99
DA:69,99
DA:80,99
DA:92,109
DA:93,101
DA:94,101
DA:95,101
DA:96,9
DA:99,8
DA:100,8
DA:101,8
DA:102,1
DA:108,416
DA:109,416
DA:110,386
DA:112,30
LF:40
LH:38
BRDA:16,0,0,10
BRDA:16,0,1,93
BRDA:41,1,0,0
BRDA:41,1,1,6
BRDA:52,2,0,9
BRDA:52,2,1,1
BRDA:67,3,0,92
BRDA:67,3,1,7
BRDA:68,4,0,92
BRDA:68,4,1,7
BRDA:70,5,0,92
BRDA:70,5,1,7
BRDA:81,6,0,92
BRDA:81,6,1,7
BRDA:92,7,0,101
BRDA:92,7,1,8
BRDA:95,8,0,9
BRDA:95,8,1,92
BRDA:101,9,0,1
BRDA:101,9,1,7
BRDA:109,10,0,386
BRDA:109,10,1,30
BRF:22
BRH:21
end_of_record
